<?xml version="1.0" encoding="UTF-8"?>
<testng-results ignored="0" total="1" passed="1" failed="0" skipped="0">
  <reporter-output>
  </reporter-output>
  <suite started-at="2023-05-28T23:40:19 IST" name="Suite" finished-at="2023-05-28T23:40:24 IST" duration-ms="5212">
    <groups>
    </groups>
    <test started-at="2023-05-28T23:40:19 IST" name="Test" finished-at="2023-05-28T23:40:24 IST" duration-ms="5212">
      <class name="testClassPackage.TestClass">
        <test-method signature="execute()[pri:0, instance:testClassPackage.TestClass@5cdec700]" started-at="2023-05-28T23:40:19 IST" name="execute" finished-at="2023-05-28T23:40:24 IST" duration-ms="5092" status="PASS">
          <reporter-output>
          </reporter-output>
        </test-method> <!-- execute -->
      </class> <!-- testClassPackage.TestClass -->
    </test> <!-- Test -->
  </suite> <!-- Suite -->
</testng-results>
